<?xml version="1.0" encoding="UTF-8"?>
<!-- Generated by org.testng.reporters.JUnitReportReporter -->
<testsuite hostname="Tohsaka" failures="0" tests="6" name="com.Tohsaka.Cucumber.runners.RunnerCuraHealthcareTest" time="75.294" errors="0" timestamp="2025-08-12T15:08:53 WIB" skipped="0">
  <testcase classname="com.Tohsaka.Cucumber.runners.RunnerCuraHealthcareTest" name="runScenario" time="9.094"/>
  <testcase classname="com.Tohsaka.Cucumber.runners.RunnerCuraHealthcareTest" name="runScenario" time="15.202"/>
  <testcase classname="com.Tohsaka.Cucumber.runners.RunnerCuraHealthcareTest" name="runScenario" time="10.404"/>
  <testcase classname="com.Tohsaka.Cucumber.runners.RunnerCuraHealthcareTest" name="runScenario" time="7.817"/>
  <testcase classname="com.Tohsaka.Cucumber.runners.RunnerCuraHealthcareTest" name="runScenario" time="19.254"/>
  <testcase classname="com.Tohsaka.Cucumber.runners.RunnerCuraHealthcareTest" name="runScenario" time="13.523"/>
</testsuite> <!-- com.Tohsaka.Cucumber.runners.RunnerCuraHealthcareTest -->
