<?xml version="1.0" encoding="UTF-8"?>
<!-- Generated by org.testng.reporters.JUnitReportReporter -->
<testsuite hostname="Tohsaka" failures="0" tests="6" name="com.Tohsaka.Cucumber.runners.RunnerCuraHealthcareTest" time="208.150" errors="0" timestamp="2025-08-12T16:46:16 WIB" skipped="0">
  <testcase classname="com.Tohsaka.Cucumber.runners.RunnerCuraHealthcareTest" name="runScenario" time="33.250"/>
  <testcase classname="com.Tohsaka.Cucumber.runners.RunnerCuraHealthcareTest" name="runScenario" time="21.568"/>
  <testcase classname="com.Tohsaka.Cucumber.runners.RunnerCuraHealthcareTest" name="runScenario" time="43.524"/>
  <testcase classname="com.Tohsaka.Cucumber.runners.RunnerCuraHealthcareTest" name="runScenario" time="27.656"/>
  <testcase classname="com.Tohsaka.Cucumber.runners.RunnerCuraHealthcareTest" name="runScenario" time="35.962"/>
  <testcase classname="com.Tohsaka.Cucumber.runners.RunnerCuraHealthcareTest" name="runScenario" time="46.190"/>
</testsuite> <!-- com.Tohsaka.Cucumber.runners.RunnerCuraHealthcareTest -->
