<?xml version="1.0" encoding="UTF-8"?>
<!-- Generated by org.testng.reporters.JUnitReportReporter -->
<testsuite hostname="Tohsaka" failures="0" tests="6" name="com.Tohsaka.Cucumber.runners.RunnerCuraHealthcareTest" time="47.665" errors="0" timestamp="2025-08-28T10:21:49 WIB" skipped="0">
  <testcase classname="com.Tohsaka.Cucumber.runners.RunnerCuraHealthcareTest" name="runScenario" time="5.748"/>
  <testcase classname="com.Tohsaka.Cucumber.runners.RunnerCuraHealthcareTest" name="runScenario" time="5.782"/>
  <testcase classname="com.Tohsaka.Cucumber.runners.RunnerCuraHealthcareTest" name="runScenario" time="5.472"/>
  <testcase classname="com.Tohsaka.Cucumber.runners.RunnerCuraHealthcareTest" name="runScenario" time="5.409"/>
  <testcase classname="com.Tohsaka.Cucumber.runners.RunnerCuraHealthcareTest" name="runScenario" time="11.456"/>
  <testcase classname="com.Tohsaka.Cucumber.runners.RunnerCuraHealthcareTest" name="runScenario" time="13.798"/>
</testsuite> <!-- com.Tohsaka.Cucumber.runners.RunnerCuraHealthcareTest -->
